<?xml version="1.0" encoding="UTF-8"?>
<testsuite xmlns:xsi="http://www.w3.org/2001/XMLSchema-instance" xsi:noNamespaceSchemaLocation="https://maven.apache.org/surefire/maven-surefire-plugin/xsd/surefire-test-report-3.0.xsd" version="3.0" name="com.group2.restaurantorderingwebapp.RestaurantOrderingWebappApplicationTests" time="9.104" tests="1" errors="0" skipped="0" failures="0">
  <properties>
[...]
</properties>
  <testcase name="contextLoads" classname="com.group2.restaurantorderingwebapp.RestaurantOrderingWebappApplicationTests" time="0.44">
    <system-out><![CDATA[18:07:11.045 [main] INFO org.springframework.test.context.support.AnnotationConfigContextLoaderUtils -- Could not detect default configuration classes for test class [com.group2.restaurantorderingwebapp.RestaurantOrderingWebappApplicationTests]: RestaurantOrderingWebappApplicationTests does not declare any static, non-private, non-final, nested classes annotated with @Configuration.
18:07:11.196 [main] INFO org.springframework.boot.test.context.SpringBootTestContextBootstrapper -- Found @SpringBootConfiguration com.group2.restaurantorderingwebapp.RestaurantOrderingWebappApplication for test class com.group2.restaurantorderingwebapp.RestaurantOrderingWebappApplicationTests
18:07:11.443 [main] INFO org.springframework.boot.devtools.restart.RestartApplicationListener -- Restart disabled due to context in which it is running

  .   ____          _            __ _ _
 /\\ / ___'_ __ _ _(_)_ __  __ _ \ \ \ \
( ( )\___ | '_ | '_| | '_ \/ _` | \ \ \ \
 \\/  ___)| |_)| | | | | || (_| |  ) ) ) )
  '  |____| .__|_| |_|_| |_\__, | / / / /
 =========|_|==============|___/=/_/_/_/

 :: Spring Boot ::                (v3.3.4)

26-03-2025 18:07:12.022 &amp#27;[32m[background-preinit]&amp#27;[0;39m &amp#27;[34mINFO &amp#27;[0;39m &amp#27;[36mo.h.validator.internal.util.Version.&amp#27;[34m<clinit>&amp#27;[0;39m&amp#27;[0;39m - &amp#27;[35mHV000001: Hibernate Validator 8.0.1.Final
&amp#27;[0;39m26-03-2025 18:07:12.050 &amp#27;[32m[main]&amp#27;[0;39m &amp#27;[34mINFO &amp#27;[0;39m &amp#27;[36mc.g.r.RestaurantOrderingWebappApplicationTests.&amp#27;[34mlogStarting&amp#27;[0;39m&amp#27;[0;39m - &amp#27;[35mStarting RestaurantOrderingWebappApplicationTests using Java 21.0.1 with PID 21004 (started by Inspiron in D:\My storage\Desktop\restaurant-ordering-webapp)
&amp#27;[0;39m26-03-2025 18:07:12.050 &amp#27;[32m[main]&amp#27;[0;39m &amp#27;[39mDEBUG&amp#27;[0;39m &amp#27;[36mc.g.r.RestaurantOrderingWebappApplicationTests.&amp#27;[34mlogStarting&amp#27;[0;39m&amp#27;[0;39m - &amp#27;[35mRunning with Spring Boot v3.3.4, Spring v6.1.13
&amp#27;[0;39m26-03-2025 18:07:12.050 &amp#27;[32m[main]&amp#27;[0;39m &amp#27;[34mINFO &amp#27;[0;39m &amp#27;[36mc.g.r.RestaurantOrderingWebappApplicationTests.&amp#27;[34mlogStartupProfileInfo&amp#27;[0;39m&amp#27;[0;39m - &amp#27;[35mThe following 1 profile is active: "dev"
&amp#27;[0;39m26-03-2025 18:07:13.262 &amp#27;[32m[main]&amp#27;[0;39m &amp#27;[34mINFO &amp#27;[0;39m &amp#27;[36mo.s.d.r.c.RepositoryConfigurationDelegate.&amp#27;[34mmultipleStoresDetected&amp#27;[0;39m&amp#27;[0;39m - &amp#27;[35mMultiple Spring Data modules found, entering strict repository configuration mode
&amp#27;[0;39m26-03-2025 18:07:13.262 &amp#27;[32m[main]&amp#27;[0;39m &amp#27;[34mINFO &amp#27;[0;39m &amp#27;[36mo.s.d.r.c.RepositoryConfigurationDelegate.&amp#27;[34mregisterRepositoriesIn&amp#27;[0;39m&amp#27;[0;39m - &amp#27;[35mBootstrapping Spring Data JPA repositories in DEFAULT mode.
&amp#27;[0;39m26-03-2025 18:07:13.455 &amp#27;[32m[main]&amp#27;[0;39m &amp#27;[34mINFO &amp#27;[0;39m &amp#27;[36mo.s.d.r.c.RepositoryConfigurationDelegate.&amp#27;[34mregisterRepositoriesIn&amp#27;[0;39m&amp#27;[0;39m - &amp#27;[35mFinished Spring Data repository scanning in 181 ms. Found 9 JPA repository interfaces.
&amp#27;[0;39m26-03-2025 18:07:13.475 &amp#27;[32m[main]&amp#27;[0;39m &amp#27;[34mINFO &amp#27;[0;39m &amp#27;[36mo.s.d.r.c.RepositoryConfigurationDelegate.&amp#27;[34mmultipleStoresDetected&amp#27;[0;39m&amp#27;[0;39m - &amp#27;[35mMultiple Spring Data modules found, entering strict repository configuration mode
&amp#27;[0;39m26-03-2025 18:07:13.475 &amp#27;[32m[main]&amp#27;[0;39m &amp#27;[34mINFO &amp#27;[0;39m &amp#27;[36mo.s.d.r.c.RepositoryConfigurationDelegate.&amp#27;[34mregisterRepositoriesIn&amp#27;[0;39m&amp#27;[0;39m - &amp#27;[35mBootstrapping Spring Data Redis repositories in DEFAULT mode.
&amp#27;[0;39m26-03-2025 18:07:13.503 &amp#27;[32m[main]&amp#27;[0;39m &amp#27;[34mINFO &amp#27;[0;39m &amp#27;[36mo.s.d.r.c.RepositoryConfigurationExtensionSupport.&amp#27;[34misStrictRepositoryCandidate&amp#27;[0;39m&amp#27;[0;39m - &amp#27;[35mSpring Data Redis - Could not safely identify store assignment for repository candidate interface com.group2.restaurantorderingwebapp.repository.CategoryRepository; If you want this repository to be a Redis repository, consider annotating your entities with one of these annotations: org.springframework.data.redis.core.RedisHash (preferred), or consider extending one of the following types with your repository: org.springframework.data.keyvalue.repository.KeyValueRepository
&amp#27;[0;39m26-03-2025 18:07:13.503 &amp#27;[32m[main]&amp#27;[0;39m &amp#27;[34mINFO &amp#27;[0;39m &amp#27;[36mo.s.d.r.c.RepositoryConfigurationExtensionSupport.&amp#27;[34misStrictRepositoryCandidate&amp#27;[0;39m&amp#27;[0;39m - &amp#27;[35mSpring Data Redis - Could not safely identify store assignment for repository candidate interface com.group2.restaurantorderingwebapp.repository.DishRepository; If you want this repository to be a Redis repository, consider annotating your entities with one of these annotations: org.springframework.data.redis.core.RedisHash (preferred), or consider extending one of the following types with your repository: org.springframework.data.keyvalue.repository.KeyValueRepository
&amp#27;[0;39m26-03-2025 18:07:13.505 &amp#27;[32m[main]&amp#27;[0;39m &amp#27;[34mINFO &amp#27;[0;39m &amp#27;[36mo.s.d.r.c.RepositoryConfigurationExtensionSupport.&amp#27;[34misStrictRepositoryCandidate&amp#27;[0;39m&amp#27;[0;39m - &amp#27;[35mSpring Data Redis - Could not safely identify store assignment for repository candidate interface com.group2.restaurantorderingwebapp.repository.FavoriteRepository; If you want this repository to be a Redis repository, consider annotating your entities with one of these annotations: org.springframework.data.redis.core.RedisHash (preferred), or consider extending one of the following types with your repository: org.springframework.data.keyvalue.repository.KeyValueRepository
&amp#27;[0;39m26-03-2025 18:07:13.505 &amp#27;[32m[main]&amp#27;[0;39m &amp#27;[34mINFO &amp#27;[0;39m &amp#27;[36mo.s.d.r.c.RepositoryConfigurationExtensionSupport.&amp#27;[34misStrictRepositoryCandidate&amp#27;[0;39m&amp#27;[0;39m - &amp#27;[35mSpring Data Redis - Could not safely identify store assignment for repository candidate interface com.group2.restaurantorderingwebapp.repository.OrderRepository; If you want this repository to be a Redis repository, consider annotating your entities with one of these annotations: org.springframework.data.redis.core.RedisHash (preferred), or consider extending one of the following types with your repository: org.springframework.data.keyvalue.repository.KeyValueRepository
&amp#27;[0;39m26-03-2025 18:07:13.505 &amp#27;[32m[main]&amp#27;[0;39m &amp#27;[34mINFO &amp#27;[0;39m &amp#27;[36mo.s.d.r.c.RepositoryConfigurationExtensionSupport.&amp#27;[34misStrictRepositoryCandidate&amp#27;[0;39m&amp#27;[0;39m - &amp#27;[35mSpring Data Redis - Could not safely identify store assignment for repository candidate interface com.group2.restaurantorderingwebapp.repository.PaymentRepository; If you want this repository to be a Redis repository, consider annotating your entities with one of these annotations: org.springframework.data.redis.core.RedisHash (preferred), or consider extending one of the following types with your repository: org.springframework.data.keyvalue.repository.KeyValueRepository
&amp#27;[0;39m26-03-2025 18:07:13.505 &amp#27;[32m[main]&amp#27;[0;39m &amp#27;[34mINFO &amp#27;[0;39m &amp#27;[36mo.s.d.r.c.RepositoryConfigurationExtensionSupport.&amp#27;[34misStrictRepositoryCandidate&amp#27;[0;39m&amp#27;[0;39m - &amp#27;[35mSpring Data Redis - Could not safely identify store assignment for repository candidate interface com.group2.restaurantorderingwebapp.repository.PositonRepository; If you want this repository to be a Redis repository, consider annotating your entities with one of these annotations: org.springframework.data.redis.core.RedisHash (preferred), or consider extending one of the following types with your repository: org.springframework.data.keyvalue.repository.KeyValueRepository
&amp#27;[0;39m26-03-2025 18:07:13.505 &amp#27;[32m[main]&amp#27;[0;39m &amp#27;[34mINFO &amp#27;[0;39m &amp#27;[36mo.s.d.r.c.RepositoryConfigurationExtensionSupport.&amp#27;[34misStrictRepositoryCandidate&amp#27;[0;39m&amp#27;[0;39m - &amp#27;[35mSpring Data Redis - Could not safely identify store assignment for repository candidate interface com.group2.restaurantorderingwebapp.repository.RankingRepository; If you want this repository to be a Redis repository, consider annotating your entities with one of these annotations: org.springframework.data.redis.core.RedisHash (preferred), or consider extending one of the following types with your repository: org.springframework.data.keyvalue.repository.KeyValueRepository
&amp#27;[0;39m26-03-2025 18:07:13.505 &amp#27;[32m[main]&amp#27;[0;39m &amp#27;[34mINFO &amp#27;[0;39m &amp#27;[36mo.s.d.r.c.RepositoryConfigurationExtensionSupport.&amp#27;[34misStrictRepositoryCandidate&amp#27;[0;39m&amp#27;[0;39m - &amp#27;[35mSpring Data Redis - Could not safely identify store assignment for repository candidate interface com.group2.restaurantorderingwebapp.repository.RoleRepository; If you want this repository to be a Redis repository, consider annotating your entities with one of these annotations: org.springframework.data.redis.core.RedisHash (preferred), or consider extending one of the following types with your repository: org.springframework.data.keyvalue.repository.KeyValueRepository
&amp#27;[0;39m26-03-2025 18:07:13.505 &amp#27;[32m[main]&amp#27;[0;39m &amp#27;[34mINFO &amp#27;[0;39m &amp#27;[36mo.s.d.r.c.RepositoryConfigurationExtensionSupport.&amp#27;[34misStrictRepositoryCandidate&amp#27;[0;39m&amp#27;[0;39m - &amp#27;[35mSpring Data Redis - Could not safely identify store assignment for repository candidate interface com.group2.restaurantorderingwebapp.repository.UserRepository; If you want this repository to be a Redis repository, consider annotating your entities with one of these annotations: org.springframework.data.redis.core.RedisHash (preferred), or consider extending one of the following types with your repository: org.springframework.data.keyvalue.repository.KeyValueRepository
&amp#27;[0;39m26-03-2025 18:07:13.505 &amp#27;[32m[main]&amp#27;[0;39m &amp#27;[34mINFO &amp#27;[0;39m &amp#27;[36mo.s.d.r.c.RepositoryConfigurationDelegate.&amp#27;[34mregisterRepositoriesIn&amp#27;[0;39m&amp#27;[0;39m - &amp#27;[35mFinished Spring Data repository scanning in 14 ms. Found 0 Redis repository interfaces.
&amp#27;[0;39m26-03-2025 18:07:14.219 &amp#27;[32m[main]&amp#27;[0;39m &amp#27;[34mINFO &amp#27;[0;39m &amp#27;[36mo.h.jpa.internal.util.LogHelper.&amp#27;[34mlogPersistenceUnitInformation&amp#27;[0;39m&amp#27;[0;39m - &amp#27;[35mHHH000204: Processing PersistenceUnitInfo [name: default]
&amp#27;[0;39m26-03-2025 18:07:14.287 &amp#27;[32m[main]&amp#27;[0;39m &amp#27;[34mINFO &amp#27;[0;39m &amp#27;[36morg.hibernate.Version.&amp#27;[34mlogVersion&amp#27;[0;39m&amp#27;[0;39m - &amp#27;[35mHHH000412: Hibernate ORM core version 6.5.3.Final
&amp#27;[0;39m26-03-2025 18:07:14.313 &amp#27;[32m[main]&amp#27;[0;39m &amp#27;[34mINFO &amp#27;[0;39m &amp#27;[36mo.h.c.i.RegionFactoryInitiator.&amp#27;[34minitiateService&amp#27;[0;39m&amp#27;[0;39m - &amp#27;[35mHHH000026: Second-level cache disabled
&amp#27;[0;39m26-03-2025 18:07:14.616 &amp#27;[32m[main]&amp#27;[0;39m &amp#27;[34mINFO &amp#27;[0;39m &amp#27;[36mo.s.o.j.p.SpringPersistenceUnitInfo.&amp#27;[34maddTransformer&amp#27;[0;39m&amp#27;[0;39m - &amp#27;[35mNo LoadTimeWeaver setup: ignoring JPA class transformer
&amp#27;[0;39m26-03-2025 18:07:14.646 &amp#27;[32m[main]&amp#27;[0;39m &amp#27;[34mINFO &amp#27;[0;39m &amp#27;[36mcom.zaxxer.hikari.HikariDataSource.&amp#27;[34mgetConnection&amp#27;[0;39m&amp#27;[0;39m - &amp#27;[35mHikariPool-1 - Starting...
&amp#27;[0;39m26-03-2025 18:07:14.957 &amp#27;[32m[main]&amp#27;[0;39m &amp#27;[34mINFO &amp#27;[0;39m &amp#27;[36mcom.zaxxer.hikari.pool.HikariPool.&amp#27;[34mcheckFailFast&amp#27;[0;39m&amp#27;[0;39m - &amp#27;[35mHikariPool-1 - Added connection com.mysql.cj.jdbc.ConnectionImpl@1da32baf
&amp#27;[0;39m26-03-2025 18:07:14.959 &amp#27;[32m[main]&amp#27;[0;39m &amp#27;[34mINFO &amp#27;[0;39m &amp#27;[36mcom.zaxxer.hikari.HikariDataSource.&amp#27;[34mgetConnection&amp#27;[0;39m&amp#27;[0;39m - &amp#27;[35mHikariPool-1 - Start completed.
&amp#27;[0;39m26-03-2025 18:07:14.995 &amp#27;[32m[main]&amp#27;[0;39m &amp#27;[31mWARN &amp#27;[0;39m &amp#27;[36morg.hibernate.orm.deprecation.&amp#27;[34mconstructDialect&amp#27;[0;39m&amp#27;[0;39m - &amp#27;[35mHHH90000025: MySQL8Dialect does not need to be specified explicitly using 'hibernate.dialect' (remove the property setting and it will be selected by default)
&amp#27;[0;39m26-03-2025 18:07:14.995 &amp#27;[32m[main]&amp#27;[0;39m &amp#27;[31mWARN &amp#27;[0;39m &amp#27;[36morg.hibernate.orm.deprecation.&amp#27;[34mlogSelectedDialect&amp#27;[0;39m&amp#27;[0;39m - &amp#27;[35mHHH90000026: MySQL8Dialect has been deprecated; use org.hibernate.dialect.MySQLDialect instead
&amp#27;[0;39m26-03-2025 18:07:16.189 &amp#27;[32m[main]&amp#27;[0;39m &amp#27;[34mINFO &amp#27;[0;39m &amp#27;[36mo.h.e.t.j.p.i.JtaPlatformInitiator.&amp#27;[34minitiateService&amp#27;[0;39m&amp#27;[0;39m - &amp#27;[35mHHH000489: No JTA platform available (set 'hibernate.transaction.jta.platform' to enable JTA platform integration)
&amp#27;[0;39mHibernate: 
    alter table dishes 
       modify column description TEXT
Hibernate: 
    alter table dishes 
       modify column image TEXT not null
Hibernate: 
    alter table dishes 
       modify column ingredient TEXT
Hibernate: 
    alter table orders 
       modify column order_status varchar(120)
Hibernate: 
    alter table rankings 
       modify column comment TEXT
Hibernate: 
    alter table users 
       modify column address varchar(120) collate 'utf8_bin'
Hibernate: 
    alter table users 
       modify column first_name varchar(120) collate 'utf8_bin'
Hibernate: 
    alter table users 
       modify column image_url TEXT
Hibernate: 
    alter table users 
       modify column last_name varchar(120) collate 'utf8_bin'
Hibernate: 
    alter table users 
       modify column password varchar(120) collate 'utf8_bin' not null
26-03-2025 18:07:16.693 &amp#27;[32m[main]&amp#27;[0;39m &amp#27;[34mINFO &amp#27;[0;39m &amp#27;[36mo.s.o.j.LocalContainerEntityManagerFactoryBean.&amp#27;[34mbuildNativeEntityManagerFactory&amp#27;[0;39m&amp#27;[0;39m - &amp#27;[35mInitialized JPA EntityManagerFactory for persistence unit 'default'
&amp#27;[0;39m26-03-2025 18:07:16.701 &amp#27;[32m[main]&amp#27;[0;39m &amp#27;[34mINFO &amp#27;[0;39m &amp#27;[36mc.g.r.RestaurantOrderingWebappApplication.&amp#27;[34mprintEnvironmentInfo&amp#27;[0;39m&amp#27;[0;39m - &amp#27;[35menvironmentInfo: develop_environment
&amp#27;[0;39m26-03-2025 18:07:17.013 &amp#27;[32m[main]&amp#27;[0;39m &amp#27;[34mINFO &amp#27;[0;39m &amp#27;[36mo.s.d.j.r.query.QueryEnhancerFactory.&amp#27;[34m<clinit>&amp#27;[0;39m&amp#27;[0;39m - &amp#27;[35mHibernate is in classpath; If applicable, HQL parser will be used.
&amp#27;[0;39m26-03-2025 18:07:17.567 &amp#27;[32m[main]&amp#27;[0;39m &amp#27;[31mWARN &amp#27;[0;39m &amp#27;[36mo.s.b.a.o.j.JpaBaseConfiguration$JpaWebConfiguration.&amp#27;[34mopenEntityManagerInViewInterceptor&amp#27;[0;39m&amp#27;[0;39m - &amp#27;[35mspring.jpa.open-in-view is enabled by default. Therefore, database queries may be performed during view rendering. Explicitly configure spring.jpa.open-in-view to disable this warning
&amp#27;[0;39m26-03-2025 18:07:17.818 &amp#27;[32m[main]&amp#27;[0;39m &amp#27;[34mINFO &amp#27;[0;39m &amp#27;[36mo.s.s.c.a.a.c.InitializeAuthenticationProviderBeanManagerConfigurer$InitializeAuthenticationProviderManagerConfigurer.&amp#27;[34mconfigure&amp#27;[0;39m&amp#27;[0;39m - &amp#27;[35mGlobal AuthenticationManager configured with AuthenticationProvider bean with name authenticationProvider
&amp#27;[0;39m26-03-2025 18:07:17.818 &amp#27;[32m[main]&amp#27;[0;39m &amp#27;[31mWARN &amp#27;[0;39m &amp#27;[36mo.s.s.c.a.a.c.InitializeUserDetailsBeanManagerConfigurer$InitializeUserDetailsManagerConfigurer.&amp#27;[34mconfigure&amp#27;[0;39m&amp#27;[0;39m - &amp#27;[35mGlobal AuthenticationManager configured with an AuthenticationProvider bean. UserDetailsService beans will not be used for username/password login. Consider removing the AuthenticationProvider bean. Alternatively, consider using the UserDetailsService in a manually instantiated DaoAuthenticationProvider.
&amp#27;[0;39m26-03-2025 18:07:19.463 &amp#27;[32m[main]&amp#27;[0;39m &amp#27;[34mINFO &amp#27;[0;39m &amp#27;[36mo.s.m.s.b.SimpleBrokerMessageHandler.&amp#27;[34minfo&amp#27;[0;39m&amp#27;[0;39m - &amp#27;[35mStarting...
&amp#27;[0;39m26-03-2025 18:07:19.476 &amp#27;[32m[main]&amp#27;[0;39m &amp#27;[34mINFO &amp#27;[0;39m &amp#27;[36mo.s.m.s.b.SimpleBrokerMessageHandler.&amp#27;[34minfo&amp#27;[0;39m&amp#27;[0;39m - &amp#27;[35mBrokerAvailabilityEvent[available=true, SimpleBrokerMessageHandler [org.springframework.messaging.simp.broker.DefaultSubscriptionRegistry@9fc9166]]
&amp#27;[0;39m26-03-2025 18:07:19.476 &amp#27;[32m[main]&amp#27;[0;39m &amp#27;[34mINFO &amp#27;[0;39m &amp#27;[36mo.s.m.s.b.SimpleBrokerMessageHandler.&amp#27;[34minfo&amp#27;[0;39m&amp#27;[0;39m - &amp#27;[35mStarted.
&amp#27;[0;39m26-03-2025 18:07:19.482 &amp#27;[32m[main]&amp#27;[0;39m &amp#27;[34mINFO &amp#27;[0;39m &amp#27;[36mc.g.r.RestaurantOrderingWebappApplicationTests.&amp#27;[34mlogStarted&amp#27;[0;39m&amp#27;[0;39m - &amp#27;[35mStarted RestaurantOrderingWebappApplicationTests in 8.063 seconds (process running for 9.207)
&amp#27;[0;39m]]></system-out>
    <system-err><![CDATA[WARNING: A Java agent has been loaded dynamically (C:\Users\Inspiron\.m2\repository\net\bytebuddy\byte-buddy-agent\1.14.19\byte-buddy-agent-1.14.19.jar)
WARNING: If a serviceability tool is in use, please run with -XX:+EnableDynamicAgentLoading to hide this warning
WARNING: If a serviceability tool is not in use, please run with -Djdk.instrument.traceUsage for more information
WARNING: Dynamic loading of agents will be disallowed by default in a future release
]]></system-err>
  </testcase>
</testsuite>